<?xml version="1.0" encoding="UTF-8"?>
<testng-results total="19" passed="18" failed="1" skipped="0">
  <reporter-output>
  </reporter-output>
  <suite started-at="2022-09-20T08:05:00Z" name="Command line suite" finished-at="2022-09-20T08:05:29Z" duration-ms="28193">
    <groups>
    </groups>
    <test started-at="2022-09-20T08:05:00Z" name="Command line test" finished-at="2022-09-20T08:05:29Z" duration-ms="28193">
      <class name="org.hyr.parallelTest.TestClass3">
        <test-method signature="testMethod10()[pri:0, instance:org.hyr.parallelTest.TestClass3@76b10754]" started-at="2022-09-20T13:35:29Z" name="testMethod10" finished-at="2022-09-20T13:35:29Z" duration-ms="0" status="PASS">
          <reporter-output>
          </reporter-output>
        </test-method> <!-- testMethod10 -->
        <test-method signature="testMethod11()[pri:0, instance:org.hyr.parallelTest.TestClass3@76b10754]" started-at="2022-09-20T13:35:29Z" name="testMethod11" finished-at="2022-09-20T13:35:29Z" duration-ms="0" status="PASS">
          <reporter-output>
          </reporter-output>
        </test-method> <!-- testMethod11 -->
        <test-method signature="testMethod9()[pri:0, instance:org.hyr.parallelTest.TestClass3@76b10754]" started-at="2022-09-20T13:35:29Z" name="testMethod9" finished-at="2022-09-20T13:35:29Z" duration-ms="0" status="PASS">
          <reporter-output>
          </reporter-output>
        </test-method> <!-- testMethod9 -->
        <test-method signature="testMethod8()[pri:0, instance:org.hyr.parallelTest.TestClass3@76b10754]" started-at="2022-09-20T13:35:29Z" name="testMethod8" finished-at="2022-09-20T13:35:29Z" duration-ms="0" status="PASS">
          <reporter-output>
          </reporter-output>
        </test-method> <!-- testMethod8 -->
      </class> <!-- org.hyr.parallelTest.TestClass3 -->
      <class name="org.hyr.parallelTest.TestClass2">
        <test-method signature="testMethod3()[pri:0, instance:org.hyr.parallelTest.TestClass2@de3a06f]" started-at="2022-09-20T13:35:29Z" name="testMethod3" finished-at="2022-09-20T13:35:29Z" duration-ms="1" status="PASS">
          <reporter-output>
          </reporter-output>
        </test-method> <!-- testMethod3 -->
        <test-method signature="testMethod5()[pri:0, instance:org.hyr.parallelTest.TestClass2@de3a06f]" started-at="2022-09-20T13:35:29Z" name="testMethod5" finished-at="2022-09-20T13:35:29Z" duration-ms="1" status="PASS">
          <reporter-output>
          </reporter-output>
        </test-method> <!-- testMethod5 -->
        <test-method signature="testMethod6()[pri:0, instance:org.hyr.parallelTest.TestClass2@de3a06f]" started-at="2022-09-20T13:35:29Z" name="testMethod6" finished-at="2022-09-20T13:35:29Z" duration-ms="0" status="PASS">
          <reporter-output>
          </reporter-output>
        </test-method> <!-- testMethod6 -->
      </class> <!-- org.hyr.parallelTest.TestClass2 -->
      <class name="org.hyr.parallelTest.TestClass1">
        <test-method signature="testMethod1()[pri:0, instance:org.hyr.parallelTest.TestClass1@6c9f5c0d]" started-at="2022-09-20T13:35:29Z" name="testMethod1" finished-at="2022-09-20T13:35:29Z" duration-ms="1" status="PASS">
          <reporter-output>
          </reporter-output>
        </test-method> <!-- testMethod1 -->
        <test-method signature="testMethod2()[pri:0, instance:org.hyr.parallelTest.TestClass1@6c9f5c0d]" started-at="2022-09-20T13:35:29Z" name="testMethod2" finished-at="2022-09-20T13:35:29Z" duration-ms="1" status="PASS">
          <reporter-output>
          </reporter-output>
        </test-method> <!-- testMethod2 -->
        <test-method signature="testMethod3()[pri:0, instance:org.hyr.parallelTest.TestClass1@6c9f5c0d]" started-at="2022-09-20T13:35:29Z" name="testMethod3" finished-at="2022-09-20T13:35:29Z" duration-ms="1" status="PASS">
          <reporter-output>
          </reporter-output>
        </test-method> <!-- testMethod3 -->
        <test-method signature="testMethod4()[pri:0, instance:org.hyr.parallelTest.TestClass1@6c9f5c0d]" started-at="2022-09-20T13:35:29Z" name="testMethod4" finished-at="2022-09-20T13:35:29Z" duration-ms="0" status="PASS">
          <reporter-output>
          </reporter-output>
        </test-method> <!-- testMethod4 -->
      </class> <!-- org.hyr.parallelTest.TestClass1 -->
      <class name="org.sdet40.practise.TestNGRetryFailDemo">
        <test-method signature="test2()[pri:0, instance:org.sdet40.practise.TestNGRetryFailDemo@2bea5ab4]" started-at="2022-09-20T13:35:29Z" name="test2" finished-at="2022-09-20T13:35:29Z" duration-ms="1" status="PASS">
          <reporter-output>
          </reporter-output>
        </test-method> <!-- test2 -->
        <test-method signature="test1()[pri:0, instance:org.sdet40.practise.TestNGRetryFailDemo@2bea5ab4]" started-at="2022-09-20T13:35:29Z" name="test1" finished-at="2022-09-20T13:35:29Z" duration-ms="0" status="PASS">
          <reporter-output>
          </reporter-output>
        </test-method> <!-- test1 -->
        <test-method signature="test3()[pri:0, instance:org.sdet40.practise.TestNGRetryFailDemo@2bea5ab4]" started-at="2022-09-20T13:35:29Z" name="test3" finished-at="2022-09-20T13:35:29Z" duration-ms="0" status="PASS">
          <reporter-output>
          </reporter-output>
        </test-method> <!-- test3 -->
      </class> <!-- org.sdet40.practise.TestNGRetryFailDemo -->
      <class name="TestNGPractise.MavenPractiseTest">
        <test-method signature="stepTest()[pri:0, instance:TestNGPractise.MavenPractiseTest@3d8314f0]" started-at="2022-09-20T13:35:23Z" name="stepTest" finished-at="2022-09-20T13:35:23Z" duration-ms="0" status="PASS">
          <reporter-output>
          </reporter-output>
        </test-method> <!-- stepTest -->
      </class> <!-- TestNGPractise.MavenPractiseTest -->
      <class name="org.HRM.Doctor_test.PatientSearchTest">
        <test-method is-config="true" signature="configBC()[pri:0, instance:org.HRM.Doctor_test.PatientSearchTest@17695df3]" started-at="2022-09-20T13:35:23Z" name="configBC" finished-at="2022-09-20T13:35:25Z" duration-ms="1714" status="PASS">
          <reporter-output>
          </reporter-output>
        </test-method> <!-- configBC -->
        <test-method signature="patientSrchTest()[pri:0, instance:org.HRM.Doctor_test.PatientSearchTest@17695df3]" started-at="2022-09-20T13:35:25Z" name="patientSrchTest" finished-at="2022-09-20T13:35:28Z" duration-ms="3507" status="PASS">
          <reporter-output>
          </reporter-output>
        </test-method> <!-- patientSrchTest -->
        <test-method is-config="true" signature="configAC()[pri:0, instance:org.HRM.Doctor_test.PatientSearchTest@17695df3]" started-at="2022-09-20T13:35:28Z" name="configAC" finished-at="2022-09-20T13:35:29Z" duration-ms="314" status="PASS">
          <reporter-output>
          </reporter-output>
        </test-method> <!-- configAC -->
      </class> <!-- org.HRM.Doctor_test.PatientSearchTest -->
      <class name="org.HRM.Doctor_test.DocToAdminManagePatTest">
        <test-method is-config="true" signature="configBC()[pri:0, instance:org.HRM.Doctor_test.DocToAdminManagePatTest@dbd940d]" started-at="2022-09-20T13:35:08Z" name="configBC" finished-at="2022-09-20T13:35:10Z" duration-ms="1792" status="PASS">
          <reporter-output>
          </reporter-output>
        </test-method> <!-- configBC -->
        <test-method signature="patientSrchTest()[pri:0, instance:org.HRM.Doctor_test.DocToAdminManagePatTest@dbd940d]" started-at="2022-09-20T13:35:10Z" name="patientSrchTest" finished-at="2022-09-20T13:35:16Z" duration-ms="6137" status="PASS">
          <reporter-output>
          </reporter-output>
        </test-method> <!-- patientSrchTest -->
        <test-method is-config="true" signature="configAC()[pri:0, instance:org.HRM.Doctor_test.DocToAdminManagePatTest@dbd940d]" started-at="2022-09-20T13:35:16Z" name="configAC" finished-at="2022-09-20T13:35:17Z" duration-ms="354" status="PASS">
          <reporter-output>
          </reporter-output>
        </test-method> <!-- configAC -->
      </class> <!-- org.HRM.Doctor_test.DocToAdminManagePatTest -->
      <class name="org.HRM.Doctor_test.AdminToDocTest">
        <test-method is-config="true" signature="configBC()[pri:0, instance:org.HRM.Doctor_test.AdminToDocTest@3439f68d]" started-at="2022-09-20T13:35:00Z" name="configBC" finished-at="2022-09-20T13:35:05Z" duration-ms="4706" status="PASS">
          <reporter-output>
          </reporter-output>
        </test-method> <!-- configBC -->
        <test-method signature="adminDocTest()[pri:0, instance:org.HRM.Doctor_test.AdminToDocTest@3439f68d]" started-at="2022-09-20T13:35:05Z" name="adminDocTest" finished-at="2022-09-20T13:35:08Z" duration-ms="2654" status="FAIL">
          <exception class="org.openqa.selenium.ElementNotInteractableException">
            <message>
              <![CDATA[element not interactable
  (Session info: chrome=105.0.5195.127)
Build info: version: '4.4.0', revision: 'e5c75ed026a'
System info: host: 'LAPTOP-OT2UM6DD', ip: '192.168.148.1', os.name: 'Windows 11', os.arch: 'amd64', os.version: '10.0', java.version: '18'
Driver info: org.openqa.selenium.chrome.ChromeDriver
Command: [17135dbd1faa733403fa3d38a6805747, clickElement {id=f6a2b624-1abe-41f9-a736-e74097461f93}]
Capabilities {acceptInsecureCerts: false, browserName: chrome, browserVersion: 105.0.5195.127, chrome: {chromedriverVersion: 105.0.5195.52 (412c95e51883..., userDataDir: C:\Users\Harish\AppData\Loc...}, goog:chromeOptions: {debuggerAddress: localhost:53165}, networkConnectionEnabled: false, pageLoadStrategy: normal, platformName: WINDOWS, proxy: Proxy(), se:cdp: ws://localhost:53165/devtoo..., se:cdpVersion: 105.0.5195.127, setWindowRect: true, strictFileInteractability: false, timeouts: {implicit: 0, pageLoad: 300000, script: 30000}, unhandledPromptBehavior: dismiss and notify, webauthn:extension:credBlob: true, webauthn:extension:largeBlob: true, webauthn:virtualAuthenticators: true}
Element: [[ChromeDriver: chrome on WINDOWS (17135dbd1faa733403fa3d38a6805747)] -> xpath: //span[text()=' Add Doctor']]
Session ID: 17135dbd1faa733403fa3d38a6805747]]>
            </message>
            <full-stacktrace>
              <![CDATA[org.openqa.selenium.ElementNotInteractableException: element not interactable
  (Session info: chrome=105.0.5195.127)
Build info: version: '4.4.0', revision: 'e5c75ed026a'
System info: host: 'LAPTOP-OT2UM6DD', ip: '192.168.148.1', os.name: 'Windows 11', os.arch: 'amd64', os.version: '10.0', java.version: '18'
Driver info: org.openqa.selenium.chrome.ChromeDriver
Command: [17135dbd1faa733403fa3d38a6805747, clickElement {id=f6a2b624-1abe-41f9-a736-e74097461f93}]
Capabilities {acceptInsecureCerts: false, browserName: chrome, browserVersion: 105.0.5195.127, chrome: {chromedriverVersion: 105.0.5195.52 (412c95e51883..., userDataDir: C:\Users\Harish\AppData\Loc...}, goog:chromeOptions: {debuggerAddress: localhost:53165}, networkConnectionEnabled: false, pageLoadStrategy: normal, platformName: WINDOWS, proxy: Proxy(), se:cdp: ws://localhost:53165/devtoo..., se:cdpVersion: 105.0.5195.127, setWindowRect: true, strictFileInteractability: false, timeouts: {implicit: 0, pageLoad: 300000, script: 30000}, unhandledPromptBehavior: dismiss and notify, webauthn:extension:credBlob: true, webauthn:extension:largeBlob: true, webauthn:virtualAuthenticators: true}
Element: [[ChromeDriver: chrome on WINDOWS (17135dbd1faa733403fa3d38a6805747)] -> xpath: //span[text()=' Add Doctor']]
Session ID: 17135dbd1faa733403fa3d38a6805747
	at java.base/jdk.internal.reflect.DirectConstructorHandleAccessor.newInstance(DirectConstructorHandleAccessor.java:67)
	at java.base/java.lang.reflect.Constructor.newInstanceWithCaller(Constructor.java:499)
	at java.base/java.lang.reflect.Constructor.newInstance(Constructor.java:483)
	at org.openqa.selenium.remote.codec.w3c.W3CHttpResponseCodec.createException(W3CHttpResponseCodec.java:200)
	at org.openqa.selenium.remote.codec.w3c.W3CHttpResponseCodec.decode(W3CHttpResponseCodec.java:133)
	at org.openqa.selenium.remote.codec.w3c.W3CHttpResponseCodec.decode(W3CHttpResponseCodec.java:53)
	at org.openqa.selenium.remote.HttpCommandExecutor.execute(HttpCommandExecutor.java:184)
	at org.openqa.selenium.remote.service.DriverCommandExecutor.invokeExecute(DriverCommandExecutor.java:167)
	at org.openqa.selenium.remote.service.DriverCommandExecutor.execute(DriverCommandExecutor.java:142)
	at org.openqa.selenium.remote.RemoteWebDriver.execute(RemoteWebDriver.java:547)
	at org.openqa.selenium.remote.RemoteWebElement.execute(RemoteWebElement.java:257)
	at org.openqa.selenium.remote.RemoteWebElement.click(RemoteWebElement.java:78)
	at java.base/jdk.internal.reflect.DirectMethodHandleAccessor.invoke(DirectMethodHandleAccessor.java:104)
	at java.base/java.lang.reflect.Method.invoke(Method.java:577)
	at org.openqa.selenium.support.pagefactory.internal.LocatingElementHandler.invoke(LocatingElementHandler.java:52)
	at jdk.proxy2/jdk.proxy2.$Proxy13.click(Unknown Source)
	at org.HMS.objectRepository.AddDoctorPage.addDoctorFea(AddDoctorPage.java:57)
	at org.HRM.Doctor_test.AdminToDocTest.adminDocTest(AdminToDocTest.java:31)
	at java.base/jdk.internal.reflect.DirectMethodHandleAccessor.invoke(DirectMethodHandleAccessor.java:104)
	at java.base/java.lang.reflect.Method.invoke(Method.java:577)
	at org.testng.internal.MethodInvocationHelper.invokeMethod(MethodInvocationHelper.java:85)
	at org.testng.internal.Invoker.invokeMethod(Invoker.java:639)
	at org.testng.internal.Invoker.invokeTestMethod(Invoker.java:816)
	at org.testng.internal.Invoker.invokeTestMethods(Invoker.java:1124)
	at org.testng.internal.TestMethodWorker.invokeTestMethods(TestMethodWorker.java:125)
	at org.testng.internal.TestMethodWorker.run(TestMethodWorker.java:108)
	at org.testng.TestRunner.privateRun(TestRunner.java:774)
	at org.testng.TestRunner.run(TestRunner.java:624)
	at org.testng.SuiteRunner.runTest(SuiteRunner.java:359)
	at org.testng.SuiteRunner.runSequentially(SuiteRunner.java:354)
	at org.testng.SuiteRunner.privateRun(SuiteRunner.java:312)
	at org.testng.SuiteRunner.run(SuiteRunner.java:261)
	at org.testng.SuiteRunnerWorker.runSuite(SuiteRunnerWorker.java:52)
	at org.testng.SuiteRunnerWorker.run(SuiteRunnerWorker.java:86)
	at org.testng.TestNG.runSuitesSequentially(TestNG.java:1191)
	at org.testng.TestNG.runSuitesLocally(TestNG.java:1116)
	at org.testng.TestNG.run(TestNG.java:1024)
	at org.apache.maven.surefire.testng.TestNGExecutor.run(TestNGExecutor.java:77)
	at org.apache.maven.surefire.testng.TestNGDirectoryTestSuite.executeMulti(TestNGDirectoryTestSuite.java:159)
	at org.apache.maven.surefire.testng.TestNGDirectoryTestSuite.execute(TestNGDirectoryTestSuite.java:99)
	at org.apache.maven.surefire.testng.TestNGProvider.invoke(TestNGProvider.java:106)
	at java.base/jdk.internal.reflect.DirectMethodHandleAccessor.invoke(DirectMethodHandleAccessor.java:104)
	at java.base/java.lang.reflect.Method.invoke(Method.java:577)
	at org.apache.maven.surefire.util.ReflectionUtils.invokeMethodWithArray(ReflectionUtils.java:189)
	at org.apache.maven.surefire.booter.ProviderFactory$ProviderProxy.invoke(ProviderFactory.java:165)
	at org.apache.maven.surefire.booter.ProviderFactory.invokeProvider(ProviderFactory.java:85)
	at org.apache.maven.surefire.booter.ForkedBooter.runSuitesInProcess(ForkedBooter.java:115)
	at org.apache.maven.surefire.booter.ForkedBooter.main(ForkedBooter.java:75)
]]>
            </full-stacktrace>
          </exception> <!-- org.openqa.selenium.ElementNotInteractableException -->
          <reporter-output>
          </reporter-output>
        </test-method> <!-- adminDocTest -->
        <test-method is-config="true" signature="configAC()[pri:0, instance:org.HRM.Doctor_test.AdminToDocTest@3439f68d]" started-at="2022-09-20T13:35:08Z" name="configAC" finished-at="2022-09-20T13:35:08Z" duration-ms="457" status="PASS">
          <reporter-output>
          </reporter-output>
        </test-method> <!-- configAC -->
      </class> <!-- org.HRM.Doctor_test.AdminToDocTest -->
      <class name="org.HRM.Doctor_test.DocToAdminPatSrchTest">
        <test-method is-config="true" signature="configBC()[pri:0, instance:org.HRM.Doctor_test.DocToAdminPatSrchTest@71d15f18]" started-at="2022-09-20T13:35:17Z" name="configBC" finished-at="2022-09-20T13:35:18Z" duration-ms="1724" status="PASS">
          <reporter-output>
          </reporter-output>
        </test-method> <!-- configBC -->
        <test-method signature="DocPatSrch()[pri:0, instance:org.HRM.Doctor_test.DocToAdminPatSrchTest@71d15f18]" started-at="2022-09-20T13:35:18Z" name="DocPatSrch" finished-at="2022-09-20T13:35:23Z" duration-ms="4459" status="PASS">
          <reporter-output>
          </reporter-output>
        </test-method> <!-- DocPatSrch -->
        <test-method is-config="true" signature="configAC()[pri:0, instance:org.HRM.Doctor_test.DocToAdminPatSrchTest@71d15f18]" started-at="2022-09-20T13:35:23Z" name="configAC" finished-at="2022-09-20T13:35:23Z" duration-ms="345" status="PASS">
          <reporter-output>
          </reporter-output>
        </test-method> <!-- configAC -->
      </class> <!-- org.HRM.Doctor_test.DocToAdminPatSrchTest -->
    </test> <!-- Command line test -->
  </suite> <!-- Command line suite -->
</testng-results>
