<?xml version="1.0" encoding="UTF-8"?>
<testng-results ignored="0" total="1" passed="1" failed="0" skipped="0">
  <reporter-output>
  </reporter-output>
  <suite started-at="2022-09-20T16:11:38 IST" name="Default suite" finished-at="2022-09-20T16:11:48 IST" duration-ms="10086">
    <groups>
    </groups>
    <test started-at="2022-09-20T16:11:38 IST" name="Default test" finished-at="2022-09-20T16:11:48 IST" duration-ms="10086">
      <class name="org.HRM.Doctor_test.PatientSearchTest">
        <test-method is-config="true" signature="configBC()[pri:0, instance:org.HRM.Doctor_test.PatientSearchTest@5876a9af]" started-at="2022-09-20T16:11:38 IST" name="configBC" finished-at="2022-09-20T16:11:43 IST" duration-ms="4841" status="PASS">
          <reporter-output>
          </reporter-output>
        </test-method> <!-- configBC -->
        <test-method signature="patientSrchTest()[pri:0, instance:org.HRM.Doctor_test.PatientSearchTest@5876a9af]" started-at="2022-09-20T16:11:43 IST" name="patientSrchTest" finished-at="2022-09-20T16:11:47 IST" duration-ms="4297" status="PASS">
          <reporter-output>
          </reporter-output>
        </test-method> <!-- patientSrchTest -->
        <test-method is-config="true" signature="configAC()[pri:0, instance:org.HRM.Doctor_test.PatientSearchTest@5876a9af]" started-at="2022-09-20T16:11:47 IST" name="configAC" finished-at="2022-09-20T16:11:48 IST" duration-ms="874" status="PASS">
          <reporter-output>
          </reporter-output>
        </test-method> <!-- configAC -->
      </class> <!-- org.HRM.Doctor_test.PatientSearchTest -->
    </test> <!-- Default test -->
  </suite> <!-- Default suite -->
</testng-results>
